0:100  0:100  MemLog inited, TSC freq: 3599977068
0:100  0:000  
0:100  0:000  Now is 7.11.2016,  8:21:54 (GMT)
0:100  0:000  Starting Clover revision: 3835 on American Megatrends EFI
0:100  0:000  Build with: [Args: --no-lto -D NO_GRUB_DRIVERS_EMBEDDED | -D DISABLE_LTO -D NO_GRUB_DRIVERS_EMBEDDED -D USE_LOW_EBDA -a X64 -b RELEASE -t XCODE5 -n 5 | OS: 10.12.1 | XCODE: 8.0]
0:100  0:000  SelfDevicePath=PciRoot(0x0)\Pci(0x1F,0x2)\Sata(0x1,0xFFFF,0x0)\HD(1,GPT,47436D77-56C2-439D-ABC3-4BB3146ABAEC,0x28,0x64000) @AFE4CF18
0:100  0:000  SelfDirPath = \EFI\BOOT
0:100  0:000  === [ Get Smbios ] ========================================
0:100  0:000  Type 16 Index = 0
0:100  0:000  Total Memory Slots Count = 8
0:100  0:000  Type 17 Index = 0
0:100  0:000  SmbiosTable.Type17->Speed = 2133MHz
0:100  0:000  SmbiosTable.Type17->Size = 8192MB
0:100  0:000  SmbiosTable.Type17->Bank/Device = ChannelA ChannelA_Dimm1
0:100  0:000  SmbiosTable.Type17->Vendor = Undefined                  
0:100  0:000  SmbiosTable.Type17->SerialNumber = 00000000             
0:100  0:000  SmbiosTable.Type17->PartNumber = F3-2400C11-8GZM       
0:100  0:000  Type 17 Index = 1
0:100  0:000  SmbiosTable.Type17->Speed = 2133MHz
0:100  0:000  SmbiosTable.Type17->Size = 8192MB
0:100  0:000  SmbiosTable.Type17->Bank/Device = ChannelA ChannelA_Dimm2
0:100  0:000  SmbiosTable.Type17->Vendor = Undefined                  
0:100  0:000  SmbiosTable.Type17->SerialNumber = 00000000             
0:100  0:000  SmbiosTable.Type17->PartNumber = F3-2400C11-8GZM       
0:100  0:000  Type 17 Index = 2
0:100  0:000  SmbiosTable.Type17->Speed = 2133MHz
0:100  0:000  SmbiosTable.Type17->Size = 8192MB
0:100  0:000  SmbiosTable.Type17->Bank/Device = ChannelB ChannelB_Dimm1
0:100  0:000  SmbiosTable.Type17->Vendor = Undefined                  
0:100  0:000  SmbiosTable.Type17->SerialNumber = 00000000             
0:100  0:000  SmbiosTable.Type17->PartNumber = F3-2400C11-8GZM       
0:100  0:000  Type 17 Index = 3
0:100  0:000  SmbiosTable.Type17->Speed = 2133MHz
0:100  0:000  SmbiosTable.Type17->Size = 8192MB
0:100  0:000  SmbiosTable.Type17->Bank/Device = ChannelB ChannelB_Dimm2
0:100  0:000  SmbiosTable.Type17->Vendor = Undefined                  
0:100  0:000  SmbiosTable.Type17->SerialNumber = 00000000             
0:100  0:000  SmbiosTable.Type17->PartNumber = F3-2400C11-8GZM       
0:100  0:000  Type 17 Index = 4
0:100  0:000  SmbiosTable.Type17->Speed = 2133MHz
0:100  0:000  SmbiosTable.Type17->Size = 8192MB
0:100  0:000  SmbiosTable.Type17->Bank/Device = ChannelC ChannelC_Dimm1
0:100  0:000  SmbiosTable.Type17->Vendor = Undefined                  
0:100  0:000  SmbiosTable.Type17->SerialNumber = 00000000             
0:100  0:000  SmbiosTable.Type17->PartNumber = F3-2400C11-8GZM       
0:100  0:000  Type 17 Index = 5
0:100  0:000  SmbiosTable.Type17->Speed = 2133MHz
0:100  0:000  SmbiosTable.Type17->Size = 8192MB
0:100  0:000  SmbiosTable.Type17->Bank/Device = ChannelC ChannelC_Dimm2
0:100  0:000  SmbiosTable.Type17->Vendor = Undefined                  
0:100  0:000  SmbiosTable.Type17->SerialNumber = 00000000             
0:100  0:000  SmbiosTable.Type17->PartNumber = F3-2400C11-8GZM       
0:100  0:000  Type 17 Index = 6
0:100  0:000  SmbiosTable.Type17->Speed = 2133MHz
0:100  0:000  SmbiosTable.Type17->Size = 8192MB
0:100  0:000  SmbiosTable.Type17->Bank/Device = ChannelD ChannelD_Dimm1
0:100  0:000  SmbiosTable.Type17->Vendor = Undefined                  
0:100  0:000  SmbiosTable.Type17->SerialNumber = 00000000             
0:100  0:000  SmbiosTable.Type17->PartNumber = F3-2400C11-8GZM       
0:100  0:000  Type 17 Index = 7
0:100  0:000  SmbiosTable.Type17->Speed = 2133MHz
0:100  0:000  SmbiosTable.Type17->Size = 8192MB
0:100  0:000  SmbiosTable.Type17->Bank/Device = ChannelD ChannelD_Dimm2
0:100  0:000  SmbiosTable.Type17->Vendor = Undefined                  
0:100  0:000  SmbiosTable.Type17->SerialNumber = 00000000             
0:100  0:000  SmbiosTable.Type17->PartNumber = F3-2400C11-8GZM       
0:100  0:000  Boot status=0
0:100  0:000  Running on: 'System Product Name' with board 'RAMPAGE IV BLACK EDITION'
0:100  0:000  === [ GetCPUProperties ] ==================================
0:100  0:000  CPU Vendor = 756E6547 Model=306E4
0:100  0:000  got cores from CPUID_1 = 0
0:100  0:000  The CPU supported turbo
0:100  0:000  BrandString = Intel(R) Core(TM) i7-4960X CPU @ 3.60GHz
0:100  0:000  MSR 0xE2 before patch 00000400
0:100  0:000  MSR 0xE4              00000414
0:100  0:000  MSR 0xCE              00000C10_F0012400
0:100  0:000  MSR 0x1B0             00000000
0:100  0:000  FSBFrequency=100MHz DMIvalue=100000kHz
0:100  0:000  Corrected FSBFrequency=100MHz
0:100  0:000  Vendor/Model/Stepping: 0x756E6547/0x3E/0x4
0:100  0:000  Family/ExtFamily: 0x6/0x0
0:100  0:000  MaxDiv/MinDiv: 36.0/12
0:100  0:000  Turbo: 46/46/46/46
0:100  0:000  Features: 0xBFEBFBFF
0:100  0:000  Threads: 12
0:100  0:000  Cores: 6
0:100  0:000  FSB: 100 MHz
0:100  0:000  CPU: 3600 MHz
0:100  0:000  TSC: 3600 MHz
0:100  0:000  PIS: 400 MHz
0:100  0:000  === [ GetDevices ] ========================================
0:100  0:000  PCI (00|00:00.00) : 8086 0E00 class=060000
0:100  0:000  PCI (00|00:02.00) : 8086 0E04 class=060400
0:100  0:000  PCI (00|01:00.00) : 10DE 17C8 class=030000
0:100  0:000   - GFX: Model=MSI GeForce GTX 980 TI family 120 (Nvidia)
0:100  0:000  PCI (00|01:00.01) : 10DE 0FB0 class=040300
0:100  0:000   - HDMI Audio: 
0:100  0:000  PCI (00|00:01.00) : 8086 0E02 class=060400
0:100  0:000  PCI (00|00:03.00) : 8086 0E08 class=060400
0:100  0:000  PCI (00|00:05.00) : 8086 0E28 class=088000
0:100  0:000  PCI (00|00:05.02) : 8086 0E2A class=088000
0:100  0:000  PCI (00|00:05.04) : 8086 0E2C class=080020
0:100  0:000  PCI (00|00:11.00) : 8086 1D3E class=060400
0:100  0:000  PCI (00|00:16.00) : 8086 1D3A class=078000
0:100  0:000  PCI (00|00:19.00) : 8086 1503 class=020000
0:100  0:000   - LAN: 0 Vendor=Intel
0:100  0:000  PCI (00|00:1A.00) : 8086 1D2D class=0C0320
0:100  0:000  PCI (00|00:1B.00) : 8086 1D20 class=040300
0:100  0:000  PCI (00|00:1C.00) : 8086 1D10 class=060400
0:100  0:000  PCI (00|05:00.00) : 14E4 43A0 class=028000
0:100  0:000   - WIFI: Vendor=Broadcom
0:100  0:000  PCI (00|00:1C.01) : 8086 1D12 class=060400
0:100  0:000  PCI (00|06:00.00) : 1B21 1142 class=0C0330
0:100  0:000  PCI (00|00:1C.02) : 8086 1D14 class=060400
0:100  0:000  PCI (00|07:00.00) : 1B21 1184 class=060400
0:100  0:000  PCI (00|08:01.00) : 1B21 1184 class=060400
0:100  0:000  PCI (00|08:03.00) : 1B21 1184 class=060400
0:100  0:000  PCI (00|08:05.00) : 1B21 1184 class=060400
0:100  0:000  PCI (00|0B:00.00) : 1B21 1142 class=0C0330
0:100  0:000  PCI (00|08:07.00) : 1B21 1184 class=060400
0:100  0:000  PCI (00|0C:00.00) : 1B21 0612 class=010601
0:100  0:000  PCI (00|00:1C.04) : 8086 1D18 class=060400
0:100  0:000  PCI (00|0D:00.00) : 1B21 1142 class=0C0330
0:100  0:000  PCI (00|00:1C.05) : 8086 1D1A class=060400
0:100  0:000  PCI (00|0E:00.00) : 1B21 0612 class=010601
0:100  0:000  PCI (00|00:1C.07) : 8086 1D1E class=060400
0:100  0:000  PCI (00|0F:00.00) : 1B21 0612 class=010601
0:100  0:000  PCI (00|00:1D.00) : 8086 1D26 class=0C0320
0:100  0:000  PCI (00|00:1E.00) : 8086 244E class=060401
0:100  0:000  PCI (00|00:1F.00) : 8086 1D41 class=060100
0:100  0:000  PCI (00|00:1F.02) : 8086 1D02 class=010601
0:100  0:000  PCI (00|00:1F.03) : 8086 1D22 class=0C0500
0:100  0:000  === [ GetDefaultSettings ] ================================
0:100  0:000  Clover load options size = 0 bytes
0:104  0:003  EFI\CLOVER\config.plist loaded: Success
0:104  0:000  === [ GetListOfThemes ] ===================================
0:106  0:001  - [00]: Asus
0:109  0:003  - [01]: BGM
0:115  0:005  - [02]: EMBEDDED
0:116  0:001  - [02]: METAL
0:121  0:004  - [03]: RANDOM
0:122  0:001  === [ Found config plists ] ===============================
0:122  0:000  - config-rhcp.plist
0:122  0:000  - config-work.plist
0:122  0:000  - config.plist
0:122  0:000  === [ GetEarlyUserSettings ] ==============================
0:122  0:000  timeout set to 0
0:122  0:000  Custom boot CUSTOM_BOOT_DISABLED (0x0)
0:122  0:000  KextsToPatch: 4 requested
0:122  0:000   - [00]: AppleHDA (t1-10.11-AppleHDA/Realtek ALC...) :: BinPatch :: data len: 4
0:122  0:000   - [01]: AppleHDA (t1-10.9-10.11-AppleHDA/Realtek ALC1150) :: BinPatch :: data len: 4
0:122  0:000   - [02]: AppleHDA (t1-AppleHDA/Resources/xml>zml) :: BinPatch :: data len: 6
0:122  0:000   - [03]: IOAHCIBlockStorage (TrimEnable) :: BinPatch :: data len: 11
0:122  0:000  Default theme: Asus
0:122  0:000  Hiding entries with string \EFI\BOOT\BOOTX64.EFI
0:122  0:000  === [ LoadDrivers ] =======================================
0:125  0:003  Loading CsmVideoDxe-64.efi  status=Success
0:126  0:000   - driver needs connecting
0:126  0:000  Loading DataHubDxe-64.efi  status=Success
0:128  0:002  Loading EmuVariableUefi-64.efi  status=Success
0:129  0:000  EmuVariableUefi Initialize: VariableCommonInitialize = Success, orig services stored, install gEmuVariableControlProtocolGuid = Success
0:129  0:000  Loading FSInject-64.efi  status=Success
0:129  0:000  Loading HFSPlus-64.efi  status=Success
0:130  0:000   - driver needs connecting
0:130  0:000  Loading OsxAptioFix2Drv-64.efi  status=Success
0:131  0:000  Loading OsxFatBinaryDrv-64.efi  status=Success
0:131  0:000  Loading PartitionDxe-64.efi  status=Success
0:132  0:001   - driver needs connecting
0:132  0:000  Loading SMCHelper-64.efi  status=Success
0:133  0:000  Loading VBoxHfs-64.efi  status=Success
0:133  0:000   - driver needs connecting
0:133  0:000  4 drivers needs connecting ...
0:133  0:000  PlatformDriverOverrideProtocol->GetDriver overriden
0:133  0:000  Partition driver loaded: 
0:133  0:000  HFS+ driver loaded
0:133  0:000  Video driver loaded: disconnect Success
0:218  0:084  Searching for invalid DiskIo BY_DRIVER connects: not found, all ok
0:245  0:026  CsmVideoDriverBindingStart
0:245  0:000  mixed support=40010
0:245  0:000  Controller is [030000]
0:245  0:000  Check for VBE
0:343  0:098    0 640x480 attr=3BF - ok, 640x480, working, highest, pref=0
0:345  0:001    1 800x600 attr=3BF - ok, 800x600, working, highest, pref=1
0:347  0:001    2 1024x768 attr=3BF - ok, 1024x768, working, highest, pref=2
0:349  0:001    3 1280x1024 attr=3BF - ok
0:359  0:010    4 1600x1200 attr=3BF - ok
0:363  0:003    5 1280x800 attr=3BF - ok
0:363  0:000  CsmVideo: New mode: 2 1024x768 - set
0:485  0:122   - SetMode pref 2 (2) = Success
0:485  0:000  CsmVideoCheckForVbe - Success
0:518  0:032  CsmVideoDriverBindingStart end Success
0:518  0:000  CsmVideo: New mode: 1 800x600 - blocking that switch
1:429  0:910  EmuVariable InstallEmulation: orig vars copied, emu.var.services installed, CreateEvent VirtualAddressChange = Success, CreateEvent ExitBootServices = Success, set Status=Success
1:440  0:011  === [ InitScreen ] ========================================
1:440  0:000  Console modes reported: 3, available modes:
1:440  0:000   - [01]: 80x25 (current mode)
1:440  0:000   - [02]: 80x50
1:440  0:000   - [03]: 100x31
1:440  0:000  SetScreenResolution: 1024x768 - already set
1:440  0:000  reinit: self device path=PciRoot(0x0)\Pci(0x1F,0x2)\Sata(0x1,0xFFFF,0x0)\HD(1,GPT,47436D77-56C2-439D-ABC3-4BB3146ABAEC,0x28,0x64000)
1:440  0:000  === [ GetMacAddress ] =====================================
1:440  0:000  === [ ScanSPD ] ===========================================
1:440  0:000  SMBus device : 8086 1D22 class=0C0500 status=Success
1:440  0:000  SMBus CmdReg: 0x1
1:440  0:000  Scanning SMBus [8086:1D22], mmio: 0xFB124004, ioport: 0xF000, hostc: 0x1
1:440  0:000  Slots to scan [8]...
1:441  0:001  === [ GetAcpiTablesList ] =================================
1:441  0:000  Get Acpi Tables List from RSDT:
1:441  0:000   - [00]: FACP  A M I len=132
1:441  0:000   - [01]: APIC  A M I len=256
1:441  0:000   - [02]: FPDT  A M I len=68
1:441  0:000   - [03]: MCFG  OEMMCFG. len=60
1:441  0:000   - [04]: HPET  A M I len=56
1:441  0:000   - [05]: DMAR  OEMDMAR len=180
1:441  0:000   - [06]: SSDT  CpuPm len=839976
1:441  0:000  Calibrated TSC frequency =3599977068 =3599MHz
1:441  0:000  === [ GetUserSettings ] ===================================
1:441  0:000  Injected EFIString of length 0
1:441  0:000  Dropping 2 tables:
1:441  0:000   - [00]: Drop table  signature="MCFG" (4746434D)
1:441  0:000           - set table: 4746434D,                0 to drop: yes
1:441  0:000   - [01]: Drop table  signature="DMAR" (52414D44)
1:441  0:000           - set table: 52414D44,                0 to drop: yes
1:441  0:000   - final DSDT Fix mask=00000000
1:441  0:000  smartUPS: present
1:442  0:000  ChassisType: 0x6
1:442  0:000  CpuType: A01
1:444  0:002  === [ ScanVolumes ] =======================================
1:444  0:000  Found 10 volumes with blockIO
1:444  0:000  - [00]: Volume: PciRoot(0x0)\Pci(0x1F,0x2)\Sata(0x0,0xFFFF,0x0)
1:445  0:000          Result of bootcode detection: bootable unknown (legacy)
1:445  0:000  - [01]: Volume: PciRoot(0x0)\Pci(0x1F,0x2)\Sata(0x1,0xFFFF,0x0)
1:445  0:000  - [02]: Volume: PciRoot(0x0)\Pci(0x1F,0x2)\Sata(0x0,0xFFFF,0x0)\HD(1,GPT,E1BDE99F-C825-485B-8D3E-8380BE839F55,0x800,0xE1000)
1:446  0:000          Result of bootcode detection: bootable Windows (vista,win)
1:446  0:000  - [03]: Volume: PciRoot(0x0)\Pci(0x1F,0x2)\Sata(0x0,0xFFFF,0x0)\HD(2,GPT,89F56FF3-06F6-4093-BCF2-68123058B6A9,0xE1800,0x31800)
1:447  0:000          Result of bootcode detection: bootable Windows (vista,win)
1:449  0:001  - [04]: Volume: PciRoot(0x0)\Pci(0x1F,0x2)\Sata(0x0,0xFFFF,0x0)\HD(3,GPT,B9563E80-D516-42FE-94A4-BC078E244E08,0x113000,0x8000)
1:449  0:000  - [05]: Volume: PciRoot(0x0)\Pci(0x1F,0x2)\Sata(0x0,0xFFFF,0x0)\HD(4,GPT,C76F5C48-50C3-456E-92CA-14980A442B36,0x11B000,0x3A26B000)
1:450  0:000          Result of bootcode detection: bootable Windows (vista,win)
1:450  0:000  - [06]: Volume: PciRoot(0x0)\Pci(0x1F,0x2)\Sata(0x1,0xFFFF,0x0)\HD(1,GPT,47436D77-56C2-439D-ABC3-4BB3146ABAEC,0x28,0x64000)
1:450  0:000          Result of bootcode detection: bootable unknown (legacy)
1:464  0:013          This is SelfVolume !!
1:464  0:000  - [07]: Volume: PciRoot(0x0)\Pci(0x1F,0x2)\Sata(0x1,0xFFFF,0x0)\HD(2,GPT,CE657EE6-8132-48BA-9BD1-8CCB88B00EA4,0x64028,0x7456CE40)
1:465  0:000  - [08]: Volume: PciRoot(0x0)\Pci(0x1F,0x2)\Sata(0x1,0xFFFF,0x0)\HD(3,GPT,E6108C56-001F-4740-B318-C829926FFE68,0x745D0E68,0x135F20)
1:465  0:000  - [09]: Volume: PciRoot(0x0)\Pci(0x1D,0x0)\USB(0x1,0x0)\USB(0x7,0x0)
1:465  0:000          USB volume
1:465  0:000          USB volume
1:467  0:001  Loading nvram.plist from Vol 'OSX12' - loaded, size=6578
1:468  0:001  === [ PutNvramPlistToRtVars ] =============================
1:468  0:000   Adding Key: EFIBluetoothDelay: Size = 2, Data: B8 0B 
1:468  0:000   Skipping EmuVariableUefiPresent
1:468  0:000   Adding Key: LocationServicesEnabled: Size = 1, Data: 01 
1:468  0:000   Adding Key: SystemAudioVolume: Size = 1, Data: 41 
1:468  0:000   Adding Key: SystemAudioVolumeDB: Size = 1, Data: F0 
1:468  0:000   Adding Key: bluetoothActiveControllerInfo: Size = 16, Data: 8D 82 AC 05 02 00 00 30 12 1A C8 E0 EB 26 7E 36 
1:468  0:000   Adding Key: bluetoothInternalControllerInfo: Size = 14, Data: 8D 82 AC 05 00 30 12 1A C8 E0 EB 26 7E 36 
1:468  0:000   Adding Key: boot-args: String: Size = 10, Val = 'nvda_drv=1'
1:468  0:000   Adding Key: bootercfg: Size = 2, Data: 28 00 
1:468  0:000   Adding Key: csr-active-config: Size = 4, Data: 67 00 00 00 
1:468  0:000   Adding Key: efi-apple-payload0: Size = 417, Data: 3C 61 72 72 61 79 3E 3C 64 69 63 74 3E 3C 6B 65 79 3E 49 4F 4D 61 74 63 68 3C 2F 6B 65 79 3E 3C 64 69 63 74 3E 3C 6B 65 79 3E 49 4F 50 72 6F 76 69 64 65 72 43 6C 61 73 73 3C 2F 6B 65 79 3E 3C 73 74 72 69 6E 67 3E 49 4F 4D 65 64 69 61 3C 2F 73 74 72 69 6E 67 3E 3C 6B 65 79 3E 49 4F 50 72 6F 70 65 72 74 79 4D 61 74 63 68 3C 2F 6B 65 79 3E 3C 64 69 63 74 3E 3C 6B 65 79 3E 55 55 49 44 3C 2F 6B 65 79 3E 3C 73 74 72 69 6E 67 3E 38 39 46 35 36 46 46 33 2D 30 36 46 36 2D 34 30 39 33 2D 42 43 46 32 2D 36 38 31 32 33 30 35 38 42 36 41 39 3C 2F 73 74 72 69 6E 67 3E 3C 2F 64 69 63 74 3E 3C 2F 64 69 63 74 3E 3C 6B 65 79 3E 42 4C 4C 61 73 74 42 53 44 4E 61 6D 65 3C 2F 6B 65 79 3E 3C 73 74 72 69 6E 67 3E 64 69 73 6B 30 73 32 3C 2F 73 74 72 69 6E 67 3E 3C 2F 64 69 63 74 3E 3C 64 69 63 74 3E 3C 6B 65 79 3E 49 4F 45 46 49 44 65 76 69 63 65 50 61 74 68 54 79 70 65 3C 2F 6B 65 79 3E 3C 73 74 72 69 6E 67 3E 4D 65 64 69 61 46 69 6C 65 50 61 74 68 3C 2F 73 74 72 69 6E 67 3E 3C 6B 65 79 3E 50 61 74 68 3C 2F 6B 65 79 3E 3C 73 74 72 69 6E 67 3E 5C 45 46 49 5C 41 50 50 4C 45 5C 55 50 44 41 54 45 52 53 5C 4D 55 4C 54 49 55 50 44 41 54 45 52 5C 53 6D 63 46 6C 61 73 68 65 72 2E 65 66 69 3C 2F 73 74 72 69 6E 67 3E 3C 2F 64 69 63 74 3E 3C 2F 61 72 72 61 79 3E 00 
1:468  0:000   Adding Key: efi-apple-payload0-data: Size = 174, Data: 02 01 0C 00 D0 41 03 0A 00 00 00 00 01 01 06 00 02 1F 03 12 0A 00 00 00 00 00 00 00 04 01 2A 00 02 00 00 00 00 18 0E 00 00 00 00 00 00 18 03 00 00 00 00 00 F3 6F F5 89 F6 06 93 40 BC F2 68 12 30 58 B6 A9 02 02 04 04 64 00 5C 00 45 00 46 00 49 00 5C 00 41 00 50 00 50 00 4C 00 45 00 5C 00 55 00 50 00 44 00 41 00 54 00 45 00 52 00 53 00 5C 00 4D 00 55 00 4C 00 54 00 49 00 55 00 50 00 44 00 41 00 54 00 45 00 52 00 5C 00 53 00 6D 00 63 00 46 00 6C 00 61 00 73 00 68 00 65 00 72 00 2E 00 65 00 66 00 69 00 00 00 7F FF 04 00 
1:469  0:000   Adding Key: efi-apple-payload1: Size = 419, Data: 3C 61 72 72 61 79 3E 3C 64 69 63 74 3E 3C 6B 65 79 3E 49 4F 4D 61 74 63 68 3C 2F 6B 65 79 3E 3C 64 69 63 74 3E 3C 6B 65 79 3E 49 4F 50 72 6F 76 69 64 65 72 43 6C 61 73 73 3C 2F 6B 65 79 3E 3C 73 74 72 69 6E 67 3E 49 4F 4D 65 64 69 61 3C 2F 73 74 72 69 6E 67 3E 3C 6B 65 79 3E 49 4F 50 72 6F 70 65 72 74 79 4D 61 74 63 68 3C 2F 6B 65 79 3E 3C 64 69 63 74 3E 3C 6B 65 79 3E 55 55 49 44 3C 2F 6B 65 79 3E 3C 73 74 72 69 6E 67 3E 38 39 46 35 36 46 46 33 2D 30 36 46 36 2D 34 30 39 33 2D 42 43 46 32 2D 36 38 31 32 33 30 35 38 42 36 41 39 3C 2F 73 74 72 69 6E 67 3E 3C 2F 64 69 63 74 3E 3C 2F 64 69 63 74 3E 3C 6B 65 79 3E 42 4C 4C 61 73 74 42 53 44 4E 61 6D 65 3C 2F 6B 65 79 3E 3C 73 74 72 69 6E 67 3E 64 69 73 6B 30 73 32 3C 2F 73 74 72 69 6E 67 3E 3C 2F 64 69 63 74 3E 3C 64 69 63 74 3E 3C 6B 65 79 3E 49 4F 45 46 49 44 65 76 69 63 65 50 61 74 68 54 79 70 65 3C 2F 6B 65 79 3E 3C 73 74 72 69 6E 67 3E 4D 65 64 69 61 46 69 6C 65 50 61 74 68 3C 2F 73 74 72 69 6E 67 3E 3C 6B 65 79 3E 50 61 74 68 3C 2F 6B 65 79 3E 3C 73 74 72 69 6E 67 3E 5C 45 46 49 5C 41 50 50 4C 45 5C 55 50 44 41 54 45 52 53 5C 4D 55 4C 54 49 55 50 44 41 54 45 52 5C 66 6C 61 73 68 65 72 5F 62 61 73 65 2E 73 6D 63 3C 2F 73 74 72 69 6E 67 3E 3C 2F 64 69 63 74 3E 3C 2F 61 72 72 61 79 3E 00 
1:469  0:000   Adding Key: efi-apple-payload1-data: Size = 178, Data: 02 01 0C 00 D0 41 03 0A 00 00 00 00 01 01 06 00 02 1F 03 12 0A 00 00 00 00 00 00 00 04 01 2A 00 02 00 00 00 00 18 0E 00 00 00 00 00 00 18 03 00 00 00 00 00 F3 6F F5 89 F6 06 93 40 BC F2 68 12 30 58 B6 A9 02 02 04 04 68 00 5C 00 45 00 46 00 49 00 5C 00 41 00 50 00 50 00 4C 00 45 00 5C 00 55 00 50 00 44 00 41 00 54 00 45 00 52 00 53 00 5C 00 4D 00 55 00 4C 00 54 00 49 00 55 00 50 00 44 00 41 00 54 00 45 00 52 00 5C 00 66 00 6C 00 61 00 73 00 68 00 65 00 72 00 5F 00 62 00 61 00 73 00 65 00 2E 00 73 00 6D 00 63 00 00 00 7F FF 04 00 
1:469  0:000   Adding Key: efi-apple-payload2: Size = 421, Data: 3C 61 72 72 61 79 3E 3C 64 69 63 74 3E 3C 6B 65 79 3E 49 4F 4D 61 74 63 68 3C 2F 6B 65 79 3E 3C 64 69 63 74 3E 3C 6B 65 79 3E 49 4F 50 72 6F 76 69 64 65 72 43 6C 61 73 73 3C 2F 6B 65 79 3E 3C 73 74 72 69 6E 67 3E 49 4F 4D 65 64 69 61 3C 2F 73 74 72 69 6E 67 3E 3C 6B 65 79 3E 49 4F 50 72 6F 70 65 72 74 79 4D 61 74 63 68 3C 2F 6B 65 79 3E 3C 64 69 63 74 3E 3C 6B 65 79 3E 55 55 49 44 3C 2F 6B 65 79 3E 3C 73 74 72 69 6E 67 3E 38 39 46 35 36 46 46 33 2D 30 36 46 36 2D 34 30 39 33 2D 42 43 46 32 2D 36 38 31 32 33 30 35 38 42 36 41 39 3C 2F 73 74 72 69 6E 67 3E 3C 2F 64 69 63 74 3E 3C 2F 64 69 63 74 3E 3C 6B 65 79 3E 42 4C 4C 61 73 74 42 53 44 4E 61 6D 65 3C 2F 6B 65 79 3E 3C 73 74 72 69 6E 67 3E 64 69 73 6B 30 73 32 3C 2F 73 74 72 69 6E 67 3E 3C 2F 64 69 63 74 3E 3C 64 69 63 74 3E 3C 6B 65 79 3E 49 4F 45 46 49 44 65 76 69 63 65 50 61 74 68 54 79 70 65 3C 2F 6B 65 79 3E 3C 73 74 72 69 6E 67 3E 4D 65 64 69 61 46 69 6C 65 50 61 74 68 3C 2F 73 74 72 69 6E 67 3E 3C 6B 65 79 3E 50 61 74 68 3C 2F 6B 65 79 3E 3C 73 74 72 69 6E 67 3E 5C 45 46 49 5C 41 50 50 4C 45 5C 55 50 44 41 54 45 52 53 5C 4D 55 4C 54 49 55 50 44 41 54 45 52 5C 66 6C 61 73 68 65 72 5F 75 70 64 61 74 65 2E 73 6D 63 3C 2F 73 74 72 69 6E 67 3E 3C 2F 64 69 63 74 3E 3C 2F 61 72 72 61 79 3E 00 
1:469  0:000   Adding Key: efi-apple-payload2-data: Size = 182, Data: 02 01 0C 00 D0 41 03 0A 00 00 00 00 01 01 06 00 02 1F 03 12 0A 00 00 00 00 00 00 00 04 01 2A 00 02 00 00 00 00 18 0E 00 00 00 00 00 00 18 03 00 00 00 00 00 F3 6F F5 89 F6 06 93 40 BC F2 68 12 30 58 B6 A9 02 02 04 04 6C 00 5C 00 45 00 46 00 49 00 5C 00 41 00 50 00 50 00 4C 00 45 00 5C 00 55 00 50 00 44 00 41 00 54 00 45 00 52 00 53 00 5C 00 4D 00 55 00 4C 00 54 00 49 00 55 00 50 00 44 00 41 00 54 00 45 00 52 00 5C 00 66 00 6C 00 61 00 73 00 68 00 65 00 72 00 5F 00 75 00 70 00 64 00 61 00 74 00 65 00 2E 00 73 00 6D 00 63 00 00 00 7F FF 04 00 
1:469  0:000   Adding Key: efi-apple-payload3: Size = 427, Data: 3C 61 72 72 61 79 3E 3C 64 69 63 74 3E 3C 6B 65 79 3E 49 4F 4D 61 74 63 68 3C 2F 6B 65 79 3E 3C 64 69 63 74 3E 3C 6B 65 79 3E 49 4F 50 72 6F 76 69 64 65 72 43 6C 61 73 73 3C 2F 6B 65 79 3E 3C 73 74 72 69 6E 67 3E 49 4F 4D 65 64 69 61 3C 2F 73 74 72 69 6E 67 3E 3C 6B 65 79 3E 49 4F 50 72 6F 70 65 72 74 79 4D 61 74 63 68 3C 2F 6B 65 79 3E 3C 64 69 63 74 3E 3C 6B 65 79 3E 55 55 49 44 3C 2F 6B 65 79 3E 3C 73 74 72 69 6E 67 3E 38 39 46 35 36 46 46 33 2D 30 36 46 36 2D 34 30 39 33 2D 42 43 46 32 2D 36 38 31 32 33 30 35 38 42 36 41 39 3C 2F 73 74 72 69 6E 67 3E 3C 2F 64 69 63 74 3E 3C 2F 64 69 63 74 3E 3C 6B 65 79 3E 42 4C 4C 61 73 74 42 53 44 4E 61 6D 65 3C 2F 6B 65 79 3E 3C 73 74 72 69 6E 67 3E 64 69 73 6B 30 73 32 3C 2F 73 74 72 69 6E 67 3E 3C 2F 64 69 63 74 3E 3C 64 69 63 74 3E 3C 6B 65 79 3E 49 4F 45 46 49 44 65 76 69 63 65 50 61 74 68 54 79 70 65 3C 2F 6B 65 79 3E 3C 73 74 72 69 6E 67 3E 4D 65 64 69 61 46 69 6C 65 50 61 74 68 3C 2F 73 74 72 69 6E 67 3E 3C 6B 65 79 3E 50 61 74 68 3C 2F 6B 65 79 3E 3C 73 74 72 69 6E 67 3E 5C 45 46 49 5C 41 50 50 4C 45 5C 55 50 44 41 54 45 52 53 5C 4D 55 4C 54 49 55 50 44 41 54 45 52 5C 4D 61 63 2D 46 36 30 44 45 42 38 31 46 46 33 30 41 43 46 36 2E 65 70 6D 3C 2F 73 74 72 69 6E 67 3E 3C 2F 64 69 63 74 3E 3C 2F 61 72 72 61 79 3E 00 
1:469  0:000   Adding Key: efi-apple-payload3-data: Size = 194, Data: 02 01 0C 00 D0 41 03 0A 00 00 00 00 01 01 06 00 02 1F 03 12 0A 00 00 00 00 00 00 00 04 01 2A 00 02 00 00 00 00 18 0E 00 00 00 00 00 00 18 03 00 00 00 00 00 F3 6F F5 89 F6 06 93 40 BC F2 68 12 30 58 B6 A9 02 02 04 04 78 00 5C 00 45 00 46 00 49 00 5C 00 41 00 50 00 50 00 4C 00 45 00 5C 00 55 00 50 00 44 00 41 00 54 00 45 00 52 00 53 00 5C 00 4D 00 55 00 4C 00 54 00 49 00 55 00 50 00 44 00 41 00 54 00 45 00 52 00 5C 00 4D 00 61 00 63 00 2D 00 46 00 36 00 30 00 44 00 45 00 42 00 38 00 31 00 46 00 46 00 33 00 30 00 41 00 43 00 46 00 36 00 2E 00 65 00 70 00 6D 00 00 00 7F FF 04 00 
1:469  0:000   Adding Key: efi-apple-recovery: Size = 415, Data: 3C 61 72 72 61 79 3E 3C 64 69 63 74 3E 3C 6B 65 79 3E 49 4F 4D 61 74 63 68 3C 2F 6B 65 79 3E 3C 64 69 63 74 3E 3C 6B 65 79 3E 49 4F 50 72 6F 76 69 64 65 72 43 6C 61 73 73 3C 2F 6B 65 79 3E 3C 73 74 72 69 6E 67 3E 49 4F 4D 65 64 69 61 3C 2F 73 74 72 69 6E 67 3E 3C 6B 65 79 3E 49 4F 50 72 6F 70 65 72 74 79 4D 61 74 63 68 3C 2F 6B 65 79 3E 3C 64 69 63 74 3E 3C 6B 65 79 3E 55 55 49 44 3C 2F 6B 65 79 3E 3C 73 74 72 69 6E 67 3E 38 39 46 35 36 46 46 33 2D 30 36 46 36 2D 34 30 39 33 2D 42 43 46 32 2D 36 38 31 32 33 30 35 38 42 36 41 39 3C 2F 73 74 72 69 6E 67 3E 3C 2F 64 69 63 74 3E 3C 2F 64 69 63 74 3E 3C 6B 65 79 3E 42 4C 4C 61 73 74 42 53 44 4E 61 6D 65 3C 2F 6B 65 79 3E 3C 73 74 72 69 6E 67 3E 64 69 73 6B 30 73 32 3C 2F 73 74 72 69 6E 67 3E 3C 2F 64 69 63 74 3E 3C 64 69 63 74 3E 3C 6B 65 79 3E 49 4F 45 46 49 44 65 76 69 63 65 50 61 74 68 54 79 70 65 3C 2F 6B 65 79 3E 3C 73 74 72 69 6E 67 3E 4D 65 64 69 61 46 69 6C 65 50 61 74 68 3C 2F 73 74 72 69 6E 67 3E 3C 6B 65 79 3E 50 61 74 68 3C 2F 6B 65 79 3E 3C 73 74 72 69 6E 67 3E 5C 45 46 49 5C 41 50 50 4C 45 5C 46 49 52 4D 57 41 52 45 5C 4D 50 36 31 5F 30 31 31 36 5F 42 32 30 5F 4C 4F 43 4B 45 44 2E 73 63 61 70 3C 2F 73 74 72 69 6E 67 3E 3C 2F 64 69 63 74 3E 3C 2F 61 72 72 61 79 3E 00 
1:469  0:000   Adding Key: efi-apple-recovery-data: Size = 170, Data: 02 01 0C 00 D0 41 03 0A 00 00 00 00 01 01 06 00 02 1F 03 12 0A 00 00 00 00 00 00 00 04 01 2A 00 02 00 00 00 00 18 0E 00 00 00 00 00 00 18 03 00 00 00 00 00 F3 6F F5 89 F6 06 93 40 BC F2 68 12 30 58 B6 A9 02 02 04 04 60 00 5C 00 45 00 46 00 49 00 5C 00 41 00 50 00 50 00 4C 00 45 00 5C 00 46 00 49 00 52 00 4D 00 57 00 41 00 52 00 45 00 5C 00 4D 00 50 00 36 00 31 00 5F 00 30 00 31 00 31 00 36 00 5F 00 42 00 32 00 30 00 5F 00 4C 00 4F 00 43 00 4B 00 45 00 44 00 2E 00 73 00 63 00 61 00 70 00 00 00 7F FF 04 00 
1:469  0:000   Adding Key: fmm-computer-name: Size = 16, Data: 72 68 63 70 E2 80 99 73 20 4D 61 63 20 50 72 6F 
1:469  0:000   Adding Key: fmm-mobileme-token-FMM: Size = 583, Data: 62 70 6C 69 73 74 30 30 D9 01 02 03 04 05 06 07 08 09 0A 0B 16 17 18 19 1A 1B 1C 56 75 73 65 72 69 64 5F 10 13 64 61 74 61 63 6C 61 73 73 50 72 6F 70 65 72 74 69 65 73 59 61 75 74 68 54 6F 6B 65 6E 58 70 65 72 73 6F 6E 49 44 58 75 73 65 72 6E 61 6D 65 57 61 64 64 54 69 6D 65 5F 10 12 65 6E 61 62 6C 65 64 44 61 74 61 63 6C 61 73 73 65 73 54 67 75 69 64 58 75 73 65 72 49 6E 66 6F 11 01 F5 D1 0C 0D 5F 10 21 63 6F 6D 2E 61 70 70 6C 65 2E 44 61 74 61 63 6C 61 73 73 2E 44 65 76 69 63 65 4C 6F 63 61 74 6F 72 D4 0E 0F 10 11 12 13 14 15 56 61 70 73 45 6E 76 58 68 6F 73 74 6E 61 6D 65 5D 61 75 74 68 4D 65 63 68 61 6E 69 73 6D 56 73 63 68 65 6D 65 5A 50 72 6F 64 75 63 74 69 6F 6E 5F 10 13 70 32 35 2D 66 6D 69 70 2E 69 63 6C 6F 75 64 2E 63 6F 6D 55 74 6F 6B 65 6E 55 68 74 74 70 73 5F 10 28 41 51 41 41 41 41 42 59 43 46 54 7A 46 37 79 30 47 75 36 75 66 57 6D 67 5F 2D 74 64 68 6B 61 76 6E 68 51 4F 63 59 41 7E 59 31 39 35 32 30 39 35 37 30 5F 10 15 6A 6F 68 6E 2E 62 2E 68 61 6C 65 40 67 6D 61 69 6C 2E 63 6F 6D 23 41 D6 02 15 42 E1 DC 87 A1 0C 5F 10 24 38 45 36 44 39 41 46 43 2D 46 37 34 34 2D 34 32 32 39 2D 39 32 42 39 2D 31 38 41 30 44 43 30 33 41 42 45 33 D3 1D 1E 1F 20 21 22 5F 10 15 49 6E 55 73 65 4F 77 6E 65 72 44 69 73 70 6C 61 79 4E 61 6D 65 5F 10 13 49 6E 55 73 65 4F 77 6E 65 72 46 69 72 73 74 4E 61 6D 65 5F 10 12 49 6E 55 73 65 4F 77 6E 65 72 4C 61 73 74 4E 61 6D 65 59 4A 6F 68 6E 20 48 61 6C 65 54 4A 6F 68 6E 54 48 61 6C 65 00 08 00 1B 00 22 00 38 00 42 00 4B 00 54 00 5C 00 71 00 76 00 7F 00 82 00 85 00 A9 00 B2 00 B9 00 C2 00 D0 00 D7 00 E2 00 F8 00 FE 01 04 01 2F 01 39 01 51 01 5A 01 5C 01 83 01 8A 01 A2 01 B8 01 CD 01 D7 01 DC 00 00 00 00 00 00 02 01 00 00 00 00 00 00 00 23 00 00 00 00 00 00 00 00 00 00 00 00 00 00 01 E1 
1:469  0:000   Adding Key: nvda_drv: Size = 2, Data: 31 00 
1:469  0:000   Adding Key: platform-uuid: Size = 16, Data: 20 28 61 54 CB 5B D9 11 8A F7 10 C3 7B 9D E3 B8 
1:469  0:000   Adding Key: prev-lang:kbd: Size = 4, Data: 65 6E 3A 30 
1:469  0:000   Adding Key: security-mode: String: Size = 4, Val = 'none'
1:469  0:000  === [ InitTheme ] =========================================
1:470  0:001  Using theme 'Asus' (EFI\CLOVER\themes\Asus)
1:470  0:000  OS main and drive as badge
1:472  0:001  Loading font from ThemeDir: Success
1:473  0:000  Choosing theme Asus
1:473  0:000  found boot-args in NVRAM:nvda_drv=1, size=10
1:473  0:000  ...found arg:nvda_drv=1
1:473  0:000  ...adding arg:nvda_drv=1
1:473  0:000  after NVRAM boot-args=-v npci=0x2000 darkwake=8 nvda_drv=1 
1:473  0:000  === [ Dump SMC keys from NVRAM ] ==========================
1:473  0:000  found AppleSMC protocol
1:473  0:000  === [ ScanLoader ] ========================================
1:473  0:000  - [03]: 'EFI'
1:478  0:004          AddLoaderEntry for Volume Name=EFI
1:517  0:039  - [06]: 'EFI'
1:535  0:017  - [07]: 'OSX12'
1:539  0:004          AddLoaderEntry for Volume Name=OSX12
1:541  0:002      hibernated: set as never
1:543  0:001          [!] Icon 17 (icons\vol_internal_hfs.icns) not found (path: EFI\CLOVER\themes\Asus)
1:562  0:018  - [08]: 'Recovery HD'
1:563  0:000          AddLoaderEntry for Volume Name=Recovery HD
1:583  0:020  === [ AddCustomTool ] =====================================
1:586  0:002  found tool \EFI\CLOVER\tools\Shell64U.efi
1:586  0:000  Checking EFI partition Volume 3 for Clover
1:586  0:000  Checking EFI partition Volume 6 for Clover
1:587  0:000   Found Clover
1:588  0:001  EmuVariable UninstallEmulation: CloseEvent = Success, original var services restored
1:591  0:002  EmuVariable InstallEmulation: orig vars copied, emu.var.services installed, CreateEvent VirtualAddressChange = Success, CreateEvent ExitBootServices = Success, set Status=Success
1:603  0:011  === [ GetEfiBootDeviceFromNvram ] =========================
1:603  0:000   - efi-boot-device-data: PciRoot(0x0)\Pci(0x1F,0x2)\Sata(0x0,0x0,0x0)\HD(2,GPT,89F56FF3-06F6-4093-BCF2-68123058B6A9,0xE1800,0x31800)\EFI\APPLE\UPDATERS\MULTIUPDATER\MultiUpdater.efi
1:603  0:000    - Volume: 'PciRoot(0x0)\Pci(0x1F,0x2)\Sata(0x0,0x0,0x0)\HD(2,GPT,89F56FF3-06F6-4093-BCF2-68123058B6A9,0xE1800,0x31800)'
1:603  0:000    - LoaderPath: '\EFI\APPLE\UPDATERS\MULTIUPDATER\MultiUpdater.efi'
1:603  0:000    - Guid = 89F56FF3-06F6-4093-BCF2-68123058B6A9
1:603  0:000  === [ FindStartupDiskVolume ] =============================
1:603  0:000    - Volume: partition = PciRoot(0x0)\Pci(0x1F,0x2)\Sata(0x0,0x0,0x0)\HD(2,GPT,89F56FF3-06F6-4093-BCF2-68123058B6A9,0xE1800,0x31800)
1:603  0:000     - searching for that partition and loader '\EFI\APPLE\UPDATERS\MULTIUPDATER\MultiUpdater.efi'
1:603  0:000      - [!] not found
1:603  0:000     - searching again, but comparing Media dev path nodes
1:603  0:000      - [!] not found
1:603  0:000     - searching for that partition
1:603  0:000      - found entry 0. 'Boot Microsoft EFI boot from EFI', Volume 'EFI'
1:603  0:000  Boot redirected to Entry 0. 'Boot Microsoft EFI boot from EFI'
1:603  0:000  EmuVariable UninstallEmulation: CloseEvent = Success, original var services restored
1:603  0:000  DefaultIndex=0 and MainMenu.EntryCount=9
3:706  2:103  GUI ready
